<?xml version='1.0' encoding='utf-8'?>
<testsuites name="pytest tests"><testsuite name="pytest" errors="0" failures="0" skipped="0" tests="169" time="5.909" timestamp="2026-09-16T15:31:20.746006-04:00"><testcase classname="tests.test_compiler" name="test_train_only_normalization" time="0.001" /><testcase classname="tests.test_compiler" name="test_hard_diagnostics[&lt;lambda&gt;-context_target_overlap]" time="0.001" /><testcase classname="tests.test_compiler" name="test_hard_diagnostics[&lt;lambda&gt;-feature_index_out_of_bounds]" time="0.000" /><testcase classname="tests.test_compiler" name="test_hard_diagnostics[&lt;lambda&gt;-forbidden_feature_role0]" time="0.000" /><testcase classname="tests.test_compiler" name="test_hard_diagnostics[&lt;lambda&gt;-forbidden_feature_role1]" time="0.000" /><testcase classname="tests.test_compiler" name="test_hard_diagnostics[&lt;lambda&gt;-split_row_overlap]" time="0.000" /><testcase classname="tests.test_compiler" name="test_hard_diagnostics[&lt;lambda&gt;-invalid_split]" time="0.000" /><testcase classname="tests.test_compiler" name="test_hard_diagnostics[&lt;lambda&gt;-row_index_out_of_bounds]" time="0.000" /><testcase classname="tests.test_compiler" name="test_hard_diagnostics[&lt;lambda&gt;-nonfinite_features]" time="0.000" /><testcase classname="tests.test_compiler" name="test_hard_diagnostics[&lt;lambda&gt;-duplicate_rows_across_splits]" time="0.001" /><testcase classname="tests.test_compiler" name="test_hard_diagnostics[&lt;lambda&gt;-group_overlap]" time="0.000" /><testcase classname="tests.test_compiler" name="test_hard_diagnostics[&lt;lambda&gt;-temporal_interval_overlap]" time="0.000" /><testcase classname="tests.test_compiler" name="test_hard_diagnostics[&lt;lambda&gt;-invalid_input_shape]" time="0.000" /><testcase classname="tests.test_compiler" name="test_temporal_direction_and_group_specific_intervals" time="0.000" /><testcase classname="tests.test_compiler" name="test_future_window_overlap_even_with_distinct_feature_rows" time="0.000" /><testcase classname="tests.test_compiler" name="test_zero_pixels_are_valid_and_constants_warn" time="0.000" /><testcase classname="tests.test_compiler" name="test_bundled_datasets_compile_deterministically[wine]" time="0.002" /><testcase classname="tests.test_compiler" name="test_bundled_datasets_compile_deterministically[digits]" time="0.012" /><testcase classname="tests.test_compiler" name="test_bundled_datasets_compile_deterministically[synthetic_sensors]" time="0.021" /><testcase classname="tests.test_compiler" name="test_splits_do_not_depend_on_labels" time="0.001" /><testcase classname="tests.test_compiler" name="test_export_roundtrip_without_pickle" time="0.004" /><testcase classname="tests.test_compiler" name="test_export_tamper_is_detected[dataset.npz]" time="0.001" /><testcase classname="tests.test_compiler" name="test_export_tamper_is_detected[manifest.json]" time="0.001" /><testcase classname="tests.test_compiler" name="test_object_payload_is_never_pickled" time="0.001" /><testcase classname="tests.test_compiler" name="test_copy_warning_preserves_signed_zero_and_training_only_comparison" time="0.000" /><testcase classname="tests.test_evaluation" name="test_test_partition_cannot_change_probe_selection[classification-linear]" time="0.027" /><testcase classname="tests.test_evaluation" name="test_test_partition_cannot_change_probe_selection[classification-pca]" time="0.028" /><testcase classname="tests.test_evaluation" name="test_test_partition_cannot_change_probe_selection[classification-trees]" time="0.274" /><testcase classname="tests.test_evaluation" name="test_test_partition_cannot_change_probe_selection[regression-linear]" time="0.010" /><testcase classname="tests.test_evaluation" name="test_test_partition_cannot_change_probe_selection[regression-pca]" time="0.011" /><testcase classname="tests.test_evaluation" name="test_test_partition_cannot_change_probe_selection[regression-trees]" time="0.242" /><testcase classname="tests.test_expanded_validation" name="test_complete_recorded_matrix_passes" time="0.002" /><testcase classname="tests.test_expanded_validation" name="test_invalid_evidence_is_rejected[&lt;lambda&gt;-not complete]" time="0.001" /><testcase classname="tests.test_expanded_validation" name="test_invalid_evidence_is_rejected[&lt;lambda&gt;-Run matrix mismatch0]" time="0.001" /><testcase classname="tests.test_expanded_validation" name="test_invalid_evidence_is_rejected[&lt;lambda&gt;-Duplicate.*runs]" time="0.001" /><testcase classname="tests.test_expanded_validation" name="test_invalid_evidence_is_rejected[&lt;lambda&gt;-Duplicate task audits]" time="0.001" /><testcase classname="tests.test_expanded_validation" name="test_invalid_evidence_is_rejected[&lt;lambda&gt;-Task audit matrix]" time="0.001" /><testcase classname="tests.test_expanded_validation" name="test_invalid_evidence_is_rejected[&lt;lambda&gt;-Run matrix mismatch1]" time="0.001" /><testcase classname="tests.test_expanded_validation" name="test_invalid_evidence_is_rejected[&lt;lambda&gt;-Primary policy mismatch]" time="0.001" /><testcase classname="tests.test_expanded_validation" name="test_invalid_evidence_is_rejected[&lt;lambda&gt;-Recorded configuration]" time="0.001" /><testcase classname="tests.test_expanded_validation" name="test_invalid_evidence_is_rejected[&lt;lambda&gt;-Non-MPS evidence]" time="0.001" /><testcase classname="tests.test_expanded_validation" name="test_invalid_evidence_is_rejected[&lt;lambda&gt;-teacher/fallback0]" time="0.001" /><testcase classname="tests.test_expanded_validation" name="test_invalid_evidence_is_rejected[&lt;lambda&gt;-teacher/fallback1]" time="0.001" /><testcase classname="tests.test_expanded_validation" name="test_invalid_evidence_is_rejected[&lt;lambda&gt;-Training used test]" time="0.001" /><testcase classname="tests.test_expanded_validation" name="test_invalid_evidence_is_rejected[&lt;lambda&gt;-Incomplete training history]" time="0.001" /><testcase classname="tests.test_expanded_validation" name="test_invalid_evidence_is_rejected[&lt;lambda&gt;-Checkpoint round-trip]" time="0.001" /><testcase classname="tests.test_expanded_validation" name="test_invalid_evidence_is_rejected[&lt;lambda&gt;-Non-finite]" time="0.000" /><testcase classname="tests.test_expanded_validation" name="test_invalid_evidence_is_rejected[&lt;lambda&gt;-outside range]" time="0.001" /><testcase classname="tests.test_expanded_validation" name="test_invalid_evidence_is_rejected[&lt;lambda&gt;-Probe partition]" time="0.001" /><testcase classname="tests.test_expanded_validation" name="test_invalid_evidence_is_rejected[&lt;lambda&gt;-not validation-optimal]" time="0.001" /><testcase classname="tests.test_expanded_validation" name="test_invalid_evidence_is_rejected[&lt;lambda&gt;-Missing/unexpected methods]" time="0.001" /><testcase classname="tests.test_expanded_validation" name="test_duplicate_config_entries_are_rejected[datasets]" time="0.001" /><testcase classname="tests.test_expanded_validation" name="test_duplicate_config_entries_are_rejected[model_seeds]" time="0.001" /><testcase classname="tests.test_expanded_validation" name="test_summary_matches_original_schema_and_uses_sample_standard_deviation" time="0.001" /><testcase classname="tests.test_expanded_validation" name="test_current_runtime_inventory_is_exact_and_excludes_report_code" time="0.002" /><testcase classname="tests.test_expanded_validation" name="test_runtime_changes_or_incomplete_inventory_fail[modified]" time="0.002" /><testcase classname="tests.test_expanded_validation" name="test_runtime_changes_or_incomplete_inventory_fail[missing_hash]" time="0.002" /><testcase classname="tests.test_expanded_validation" name="test_runtime_changes_or_incomplete_inventory_fail[new_source]" time="0.002" /><testcase classname="tests.test_expanded_validation" name="test_runtime_changes_or_incomplete_inventory_fail[obsolete_source]" time="0.001" /><testcase classname="tests.test_expanded_validation" name="test_cli_writes_failed_status_without_success_summary" time="0.001" /><testcase classname="tests.test_expanded_validation" name="test_published_result_gzip_is_deterministic_and_preserves_exact_json_bytes" time="0.002" /><testcase classname="tests.test_expanded_validation" name="test_report_rejects_partial_incomplete_or_cpu_evidence[partial]" time="0.001" /><testcase classname="tests.test_expanded_validation" name="test_report_rejects_partial_incomplete_or_cpu_evidence[missing_run]" time="0.001" /><testcase classname="tests.test_expanded_validation" name="test_report_rejects_partial_incomplete_or_cpu_evidence[cpu]" time="0.001" /><testcase classname="tests.test_model" name="test_context_only_boundary_and_seeded_initialization[tabular-shape0]" time="0.004" /><testcase classname="tests.test_model" name="test_context_only_boundary_and_seeded_initialization[image-shape1]" time="0.005" /><testcase classname="tests.test_model" name="test_context_only_boundary_and_seeded_initialization[sequence-shape2]" time="0.005" /><testcase classname="tests.test_model" name="test_training_updates_ema_without_gradients_and_round_trips" time="0.452" /><testcase classname="tests.test_model" name="test_ema_is_exact_convex_update" time="0.001" /><testcase classname="tests.test_model" name="test_gpu_request_does_not_silently_fall_back" time="0.000" /><testcase classname="tests.test_model" name="test_degenerate_embeddings_trigger_diagnostic" time="0.000" /><testcase classname="tests.test_model" name="test_overlap_is_rejected" time="0.001" /><testcase classname="tests.test_model" name="test_balanced_batches_never_leave_singleton[3-2]" time="0.000" /><testcase classname="tests.test_model" name="test_balanced_batches_never_leave_singleton[5-2]" time="0.000" /><testcase classname="tests.test_model" name="test_balanced_batches_never_leave_singleton[7-3]" time="0.000" /><testcase classname="tests.test_model" name="test_balanced_batches_never_leave_singleton[129-128]" time="0.000" /><testcase classname="tests.test_model" name="test_balanced_batches_never_leave_singleton[257-128]" time="0.000" /><testcase classname="tests.test_model" name="test_normalized_rank_accounts_for_sample_count" time="0.000" /><testcase classname="tests.test_privacy" name="test_metadata_values_are_found_but_never_echoed[&lt;lambda&gt;-personal_home_path]" time="0.001" /><testcase classname="tests.test_privacy" name="test_metadata_values_are_found_but_never_echoed[&lt;lambda&gt;-personal_email]" time="0.000" /><testcase classname="tests.test_privacy" name="test_metadata_values_are_found_but_never_echoed[&lt;lambda&gt;-private_overleaf_link]" time="0.000" /><testcase classname="tests.test_privacy" name="test_metadata_values_are_found_but_never_echoed[&lt;lambda&gt;-personal_machine_name]" time="0.000" /><testcase classname="tests.test_privacy" name="test_metadata_values_are_found_but_never_echoed[&lt;lambda&gt;-private_key_material]" time="0.000" /><testcase classname="tests.test_privacy" name="test_nested_archive_is_scanned_and_scan_failures_block" time="0.001" /><testcase classname="tests.test_privacy" name="test_sensitive_filenames_are_blocked_in_history_and_archives[.env]" time="0.000" /><testcase classname="tests.test_privacy" name="test_sensitive_filenames_are_blocked_in_history_and_archives[.env.production]" time="0.000" /><testcase classname="tests.test_privacy" name="test_sensitive_filenames_are_blocked_in_history_and_archives[private.pem]" time="0.000" /><testcase classname="tests.test_privacy" name="test_sensitive_filenames_are_blocked_in_history_and_archives[credentials.json]" time="0.000" /><testcase classname="tests.test_privacy" name="test_sensitive_filenames_are_blocked_in_history_and_archives[abcdef123456:.env]" time="0.000" /><testcase classname="tests.test_privacy" name="test_sensitive_filenames_are_blocked_in_history_and_archives[bundle.zip!.env]" time="0.000" /><testcase classname="tests.test_privacy" name="test_missing_credential_scanner_is_not_a_success" time="0.001" /><testcase classname="tests.test_public_datasets" name="test_cached_corruption_fails_without_network" time="0.001" /><testcase classname="tests.test_public_datasets" name="test_download_must_match_pinned_bytes" time="0.001" /><testcase classname="tests.test_public_datasets" name="test_cache_default_uses_working_directory" time="0.001" /><testcase classname="tests.test_public_datasets" name="test_breast_cancer_parser_removes_identifier_and_label" time="0.002" /><testcase classname="tests.test_public_datasets" name="test_malformed_one_hot_digit_label_is_rejected" time="0.001" /><testcase classname="tests.test_public_datasets" name="test_sampling_deduplicates_before_split_and_is_reproducible" time="0.001" /><testcase classname="tests.test_public_datasets" name="test_group_sampling_retains_each_group_with_bounded_equal_budget" time="0.001" /><testcase classname="tests.test_public_datasets" name="test_labels_cannot_change_loader_sampling_or_task_masks" time="0.004" /><testcase classname="tests.test_public_datasets" name="test_cached_official_dataset_compiles_without_network[breast_cancer]" time="0.007" /><testcase classname="tests.test_public_datasets" name="test_cached_official_dataset_compiles_without_network[ionosphere]" time="0.005" /><testcase classname="tests.test_public_datasets" name="test_cached_official_dataset_compiles_without_network[sonar]" time="0.006" /><testcase classname="tests.test_public_datasets" name="test_cached_official_dataset_compiles_without_network[semeion]" time="0.034" /><testcase classname="tests.test_public_datasets" name="test_cached_official_dataset_compiles_without_network[letter]" time="0.080" /><testcase classname="tests.test_public_datasets" name="test_cached_official_dataset_compiles_without_network[pendigits]" time="0.099" /><testcase classname="tests.test_public_datasets" name="test_cached_official_dataset_compiles_without_network[satimage]" time="0.019" /><testcase classname="tests.test_public_datasets" name="test_cached_official_dataset_compiles_without_network[har]" time="0.484" /><testcase classname="tests.test_public_datasets" name="test_cached_official_dataset_compiles_without_network[dry_bean]" time="0.105" /><testcase classname="tests.test_public_datasets" name="test_cached_official_dataset_compiles_without_network[isolet]" time="0.414" /><testcase classname="tests.test_selection" name="test_all_registry_candidates_respect_budget_and_development_audit[wine]" time="0.002" /><testcase classname="tests.test_selection" name="test_all_registry_candidates_respect_budget_and_development_audit[digits]" time="0.011" /><testcase classname="tests.test_selection" name="test_all_registry_candidates_respect_budget_and_development_audit[synthetic_sensors]" time="0.017" /><testcase classname="tests.test_selection" name="test_all_registry_candidates_respect_budget_and_development_audit[breast_cancer]" time="0.007" /><testcase classname="tests.test_selection" name="test_all_registry_candidates_respect_budget_and_development_audit[ionosphere]" time="0.006" /><testcase classname="tests.test_selection" name="test_all_registry_candidates_respect_budget_and_development_audit[sonar]" time="0.007" /><testcase classname="tests.test_selection" name="test_all_registry_candidates_respect_budget_and_development_audit[semeion]" time="0.038" /><testcase classname="tests.test_selection" name="test_all_registry_candidates_respect_budget_and_development_audit[letter]" time="0.078" /><testcase classname="tests.test_selection" name="test_all_registry_candidates_respect_budget_and_development_audit[pendigits]" time="0.099" /><testcase classname="tests.test_selection" name="test_all_registry_candidates_respect_budget_and_development_audit[satimage]" time="0.020" /><testcase classname="tests.test_selection" name="test_all_registry_candidates_respect_budget_and_development_audit[har]" time="0.478" /><testcase classname="tests.test_selection" name="test_all_registry_candidates_respect_budget_and_development_audit[dry_bean]" time="0.102" /><testcase classname="tests.test_selection" name="test_all_registry_candidates_respect_budget_and_development_audit[isolet]" time="0.433" /><testcase classname="tests.test_selection" name="test_all_registry_candidates_respect_budget_and_development_audit[synthetic_lorenz]" time="0.030" /><testcase classname="tests.test_selection" name="test_all_registry_candidates_respect_budget_and_development_audit[synthetic_mackey_glass]" time="0.018" /><testcase classname="tests.test_selection" name="test_all_registry_candidates_respect_budget_and_development_audit[synthetic_switching_var]" time="0.021" /><testcase classname="tests.test_selection" name="test_all_registry_candidates_respect_budget_and_development_audit[synthetic_chirp_seasonal]" time="0.015" /><testcase classname="tests.test_selection" name="test_all_registry_candidates_respect_budget_and_development_audit[synthetic_coupled_oscillators]" time="0.022" /><testcase classname="tests.test_selection" name="test_all_registry_candidates_respect_budget_and_development_audit[synthetic_nonlinear_ar]" time="0.021" /><testcase classname="tests.test_selection" name="test_all_registry_candidates_respect_budget_and_development_audit[synthetic_nonlinear_multiview]" time="0.009" /><testcase classname="tests.test_selection" name="test_all_registry_candidates_respect_budget_and_development_audit[synthetic_hierarchical_multiclass]" time="0.010" /><testcase classname="tests.test_selection" name="test_all_registry_candidates_respect_budget_and_development_audit[synthetic_sparse_interactions]" time="0.011" /><testcase classname="tests.test_selection" name="test_all_registry_candidates_respect_budget_and_development_audit[synthetic_manifold_nuisance]" time="0.012" /><testcase classname="tests.test_selection" name="test_test_poisoning_does_not_change_actual_selection" time="0.370" /><testcase classname="tests.test_selection" name="test_development_scaling_rejects_group_and_row_leakage" time="0.002" /><testcase classname="tests.test_selection" name="test_incomparable_candidates_and_test_probe_inputs_are_rejected" time="0.008" /><testcase classname="tests.test_selection" name="test_tie_break_is_declared_order_not_test_score" time="0.108" /><testcase classname="tests.test_selection_validation" name="test_recorded_gpu_selection_evidence_is_consistent" time="0.076" /><testcase classname="tests.test_selection_validation" name="test_corrupted_evidence_is_rejected[&lt;lambda&gt;-incomplete]" time="0.007" /><testcase classname="tests.test_selection_validation" name="test_corrupted_evidence_is_rejected[&lt;lambda&gt;-Test data]" time="0.007" /><testcase classname="tests.test_selection_validation" name="test_corrupted_evidence_is_rejected[&lt;lambda&gt;-validation-optimal]" time="0.008" /><testcase classname="tests.test_selection_validation" name="test_corrupted_evidence_is_rejected[&lt;lambda&gt;-seed matrix]" time="0.007" /><testcase classname="tests.test_selection_validation" name="test_corrupted_evidence_is_rejected[&lt;lambda&gt;-GPU evidence]" time="0.007" /><testcase classname="tests.test_selection_validation" name="test_corrupted_evidence_is_rejected[&lt;lambda&gt;-average differs]" time="0.007" /><testcase classname="tests.test_selection_validation" name="test_corrupted_evidence_is_rejected[&lt;lambda&gt;-test boundary]" time="0.007" /><testcase classname="tests.test_selection_validation" name="test_corrupted_evidence_is_rejected[&lt;lambda&gt;-coverage differs]" time="0.007" /><testcase classname="tests.test_synthetic_datasets" name="test_exactly_ten_distinct_mechanisms" time="0.050" /><testcase classname="tests.test_synthetic_datasets" name="test_deterministic_finite_nonduplicate_and_all_tasks_compile[synthetic_lorenz]" time="0.043" /><testcase classname="tests.test_synthetic_datasets" name="test_deterministic_finite_nonduplicate_and_all_tasks_compile[synthetic_mackey_glass]" time="0.019" /><testcase classname="tests.test_synthetic_datasets" name="test_deterministic_finite_nonduplicate_and_all_tasks_compile[synthetic_switching_var]" time="0.023" /><testcase classname="tests.test_synthetic_datasets" name="test_deterministic_finite_nonduplicate_and_all_tasks_compile[synthetic_chirp_seasonal]" time="0.014" /><testcase classname="tests.test_synthetic_datasets" name="test_deterministic_finite_nonduplicate_and_all_tasks_compile[synthetic_coupled_oscillators]" time="0.025" /><testcase classname="tests.test_synthetic_datasets" name="test_deterministic_finite_nonduplicate_and_all_tasks_compile[synthetic_nonlinear_ar]" time="0.025" /><testcase classname="tests.test_synthetic_datasets" name="test_deterministic_finite_nonduplicate_and_all_tasks_compile[synthetic_nonlinear_multiview]" time="0.009" /><testcase classname="tests.test_synthetic_datasets" name="test_deterministic_finite_nonduplicate_and_all_tasks_compile[synthetic_hierarchical_multiclass]" time="0.014" /><testcase classname="tests.test_synthetic_datasets" name="test_deterministic_finite_nonduplicate_and_all_tasks_compile[synthetic_sparse_interactions]" time="0.010" /><testcase classname="tests.test_synthetic_datasets" name="test_deterministic_finite_nonduplicate_and_all_tasks_compile[synthetic_manifold_nuisance]" time="0.010" /><testcase classname="tests.test_synthetic_datasets" name="test_entity_splits_preserve_overlapping_windows[synthetic_lorenz]" time="0.001" /><testcase classname="tests.test_synthetic_datasets" name="test_entity_splits_preserve_overlapping_windows[synthetic_mackey_glass]" time="0.000" /><testcase classname="tests.test_synthetic_datasets" name="test_entity_splits_preserve_overlapping_windows[synthetic_switching_var]" time="0.001" /><testcase classname="tests.test_synthetic_datasets" name="test_entity_splits_preserve_overlapping_windows[synthetic_chirp_seasonal]" time="0.000" /><testcase classname="tests.test_synthetic_datasets" name="test_entity_splits_preserve_overlapping_windows[synthetic_coupled_oscillators]" time="0.000" /><testcase classname="tests.test_synthetic_datasets" name="test_entity_splits_preserve_overlapping_windows[synthetic_nonlinear_ar]" time="0.000" /><testcase classname="tests.test_synthetic_datasets" name="test_labels_are_separate_and_do_not_select_tasks_or_splits[synthetic_nonlinear_multiview]" time="0.001" /><testcase classname="tests.test_synthetic_datasets" name="test_labels_are_separate_and_do_not_select_tasks_or_splits[synthetic_hierarchical_multiclass]" time="0.001" /><testcase classname="tests.test_synthetic_datasets" name="test_labels_are_separate_and_do_not_select_tasks_or_splits[synthetic_sparse_interactions]" time="0.001" /><testcase classname="tests.test_synthetic_datasets" name="test_labels_are_separate_and_do_not_select_tasks_or_splits[synthetic_manifold_nuisance]" time="0.001" /><testcase classname="tests.test_synthetic_datasets" name="test_representative_cpu_model_smoke[synthetic_lorenz]" time="0.013" /><testcase classname="tests.test_synthetic_datasets" name="test_representative_cpu_model_smoke[synthetic_nonlinear_multiview]" time="0.005" /><testcase classname="tests.test_synthetic_datasets" name="test_unknown_name_rejected" time="0.000" /></testsuite></testsuites>