<?xml version='1.0' encoding='utf-8'?>
<testsuites name="pytest tests"><testsuite name="pytest" errors="0" failures="0" skipped="0" tests="44" time="2.361" timestamp="2026-09-16T11:46:23.884658-04:00"><testcase classname="tests.test_compiler" name="test_train_only_normalization" time="0.001" /><testcase classname="tests.test_compiler" name="test_hard_diagnostics[&lt;lambda&gt;-context_target_overlap]" time="0.001" /><testcase classname="tests.test_compiler" name="test_hard_diagnostics[&lt;lambda&gt;-feature_index_out_of_bounds]" time="0.000" /><testcase classname="tests.test_compiler" name="test_hard_diagnostics[&lt;lambda&gt;-forbidden_feature_role0]" time="0.000" /><testcase classname="tests.test_compiler" name="test_hard_diagnostics[&lt;lambda&gt;-forbidden_feature_role1]" time="0.000" /><testcase classname="tests.test_compiler" name="test_hard_diagnostics[&lt;lambda&gt;-split_row_overlap]" time="0.000" /><testcase classname="tests.test_compiler" name="test_hard_diagnostics[&lt;lambda&gt;-invalid_split]" time="0.000" /><testcase classname="tests.test_compiler" name="test_hard_diagnostics[&lt;lambda&gt;-row_index_out_of_bounds]" time="0.000" /><testcase classname="tests.test_compiler" name="test_hard_diagnostics[&lt;lambda&gt;-nonfinite_features]" time="0.000" /><testcase classname="tests.test_compiler" name="test_hard_diagnostics[&lt;lambda&gt;-duplicate_rows_across_splits]" time="0.000" /><testcase classname="tests.test_compiler" name="test_hard_diagnostics[&lt;lambda&gt;-group_overlap]" time="0.000" /><testcase classname="tests.test_compiler" name="test_hard_diagnostics[&lt;lambda&gt;-temporal_interval_overlap]" time="0.001" /><testcase classname="tests.test_compiler" name="test_hard_diagnostics[&lt;lambda&gt;-invalid_input_shape]" time="0.000" /><testcase classname="tests.test_compiler" name="test_temporal_direction_and_group_specific_intervals" time="0.000" /><testcase classname="tests.test_compiler" name="test_future_window_overlap_even_with_distinct_feature_rows" time="0.000" /><testcase classname="tests.test_compiler" name="test_zero_pixels_are_valid_and_constants_warn" time="0.000" /><testcase classname="tests.test_compiler" name="test_bundled_datasets_compile_deterministically[wine]" time="0.003" /><testcase classname="tests.test_compiler" name="test_bundled_datasets_compile_deterministically[digits]" time="0.028" /><testcase classname="tests.test_compiler" name="test_bundled_datasets_compile_deterministically[synthetic_sensors]" time="0.032" /><testcase classname="tests.test_compiler" name="test_splits_do_not_depend_on_labels" time="0.001" /><testcase classname="tests.test_compiler" name="test_export_roundtrip_without_pickle" time="0.004" /><testcase classname="tests.test_compiler" name="test_export_tamper_is_detected[dataset.npz]" time="0.002" /><testcase classname="tests.test_compiler" name="test_export_tamper_is_detected[manifest.json]" time="0.001" /><testcase classname="tests.test_compiler" name="test_object_payload_is_never_pickled" time="0.001" /><testcase classname="tests.test_evaluation" name="test_test_partition_cannot_change_probe_selection[classification-linear]" time="0.027" /><testcase classname="tests.test_evaluation" name="test_test_partition_cannot_change_probe_selection[classification-pca]" time="0.030" /><testcase classname="tests.test_evaluation" name="test_test_partition_cannot_change_probe_selection[classification-trees]" time="0.273" /><testcase classname="tests.test_evaluation" name="test_test_partition_cannot_change_probe_selection[regression-linear]" time="0.010" /><testcase classname="tests.test_evaluation" name="test_test_partition_cannot_change_probe_selection[regression-pca]" time="0.011" /><testcase classname="tests.test_evaluation" name="test_test_partition_cannot_change_probe_selection[regression-trees]" time="0.237" /><testcase classname="tests.test_model" name="test_context_only_boundary_and_seeded_initialization[tabular-shape0]" time="0.004" /><testcase classname="tests.test_model" name="test_context_only_boundary_and_seeded_initialization[image-shape1]" time="0.005" /><testcase classname="tests.test_model" name="test_context_only_boundary_and_seeded_initialization[sequence-shape2]" time="0.005" /><testcase classname="tests.test_model" name="test_training_updates_ema_without_gradients_and_round_trips" time="0.461" /><testcase classname="tests.test_model" name="test_ema_is_exact_convex_update" time="0.002" /><testcase classname="tests.test_model" name="test_gpu_request_does_not_silently_fall_back" time="0.000" /><testcase classname="tests.test_model" name="test_degenerate_embeddings_trigger_diagnostic" time="0.000" /><testcase classname="tests.test_model" name="test_overlap_is_rejected" time="0.001" /><testcase classname="tests.test_model" name="test_balanced_batches_never_leave_singleton[3-2]" time="0.000" /><testcase classname="tests.test_model" name="test_balanced_batches_never_leave_singleton[5-2]" time="0.000" /><testcase classname="tests.test_model" name="test_balanced_batches_never_leave_singleton[7-3]" time="0.000" /><testcase classname="tests.test_model" name="test_balanced_batches_never_leave_singleton[129-128]" time="0.000" /><testcase classname="tests.test_model" name="test_balanced_batches_never_leave_singleton[257-128]" time="0.000" /><testcase classname="tests.test_model" name="test_normalized_rank_accounts_for_sample_count" time="0.000" /></testsuite></testsuites>